(node:78693) [DEP0040] DeprecationWarning: The `punycode` module is deprecated. Please use a userland alternative instead.
(Use `node --trace-deprecation ...` to show where the warning was created)
[consolidation] extraction failed: Unexpected token '`', "```json
{
"... is not valid JSON
[consolidation] extraction failed: Unexpected token '`', "```json
{
"... is not valid JSON
[consolidation] extraction failed: Unexpected token '`', "```json
{
"... is not valid JSON
[simulation] forward sim failed: Unexpected token '`', "```json
{
"... is not valid JSON
[consolidation] extraction failed: Unexpected token '`', "```json
{
"... is not valid JSON
[consolidation] extraction failed: Unexpected token '`', "```json
{
"... is not valid JSON
[consolidation] extraction failed: Unexpected token '`', "```json
{
"... is not valid JSON
[consolidation] extraction failed: Unexpected token '`', "```json
{
"... is not valid JSON
[consolidation] extraction failed: Unexpected token '`', "```json
{
"... is not valid JSON
[consolidation] extraction failed: Unexpected token '`', "```json
{
"... is not valid JSON
[consolidation] extraction failed: Unexpected token '`', "```json
{
"... is not valid JSON
[consolidation] extraction failed: Unexpected token '`', "```json
{
"... is not valid JSON
[consolidation] extraction failed: Unexpected token '`', "```json
{
"... is not valid JSON
[consolidation] extraction failed: Unexpected token '`', "```json
{
"... is not valid JSON
[consolidation] extraction failed: Unexpected token '`', "```json
{
"... is not valid JSON
[consolidation] extraction failed: Unexpected token '`', "```json
{
"... is not valid JSON
[simulation] forward sim failed: Unexpected token '`', "```json
{
"... is not valid JSON
[consolidation] extraction failed: Unexpected token '`', "```json
{
"... is not valid JSON
[consolidation] extraction failed: Unexpected token '`', "```json
{
"... is not valid JSON
[consolidation] extraction failed: Unexpected token '`', "```json
{
"... is not valid JSON
[consolidation] extraction failed: Unexpected token '`', "```json
{
"... is not valid JSON
[consolidation] extraction failed: Unexpected token '`', "```json
{
"... is not valid JSON
(node:61315) [DEP0040] DeprecationWarning: The `punycode` module is deprecated. Please use a userland alternative instead.
(Use `node --trace-deprecation ...` to show where the warning was created)
[consolidation] extraction failed: Unexpected token '`', "```json
{
"... is not valid JSON
[consolidation] extraction failed: Unexpected token '`', "```json
{
"... is not valid JSON
(node:62007) [DEP0040] DeprecationWarning: The `punycode` module is deprecated. Please use a userland alternative instead.
(Use `node --trace-deprecation ...` to show where the warning was created)
[consolidation] extraction failed: Unexpected token '`', "```json
{
"... is not valid JSON
(node:70330) [DEP0040] DeprecationWarning: The `punycode` module is deprecated. Please use a userland alternative instead.
(Use `node --trace-deprecation ...` to show where the warning was created)
[consolidation] extraction failed: Unexpected token '`', "```json
{
"... is not valid JSON
[consolidation] extraction failed: Unexpected token '`', "```json
{
"... is not valid JSON
40:104: execution error: System Events got an error: AppleEvent handler failed. (-10000)
[consolidation] extraction failed: Unexpected token '`', "```json
{
"... is not valid JSON
[consolidation] extraction failed: Unexpected token '`', "```json
{
"... is not valid JSON
(node:36351) [DEP0040] DeprecationWarning: The `punycode` module is deprecated. Please use a userland alternative instead.
(Use `node --trace-deprecation ...` to show where the warning was created)
[consolidation] extraction failed: Unexpected token '`', "```json
{
"... is not valid JSON
[consolidation] extraction failed: Unexpected token '`', "```json
{
"... is not valid JSON
(node:38113) [DEP0040] DeprecationWarning: The `punycode` module is deprecated. Please use a userland alternative instead.
(Use `node --trace-deprecation ...` to show where the warning was created)
[consolidation] extraction failed: Unexpected token '`', "```json
{
"... is not valid JSON
[consolidation] extraction failed: Unexpected token '`', "```json
{
"... is not valid JSON
(node:43777) [DEP0040] DeprecationWarning: The `punycode` module is deprecated. Please use a userland alternative instead.
(Use `node --trace-deprecation ...` to show where the warning was created)
[consolidation] extraction failed: invalid input syntax for type integer: "cycle_9_Dia"
(node:45683) [DEP0040] DeprecationWarning: The `punycode` module is deprecated. Please use a userland alternative instead.
(Use `node --trace-deprecation ...` to show where the warning was created)
[consolidation] extraction failed: Unterminated string in JSON at position 3391 (line 99 column 45)
40:104: execution error: System Events got an error: Can’t get every application process whose background only = false. Invalid index. (-1719)
[consolidation] extraction failed: Expected ',' or '}' after property value in JSON at position 2672 (line 43 column 25)
(node:81575) [DEP0040] DeprecationWarning: The `punycode` module is deprecated. Please use a userland alternative instead.
(Use `node --trace-deprecation ...` to show where the warning was created)
(node:81834) [DEP0040] DeprecationWarning: The `punycode` module is deprecated. Please use a userland alternative instead.
(Use `node --trace-deprecation ...` to show where the warning was created)
[consolidation] extraction failed: Unterminated string in JSON at position 2941 (line 68 column 18)
(node:24424) [DEP0040] DeprecationWarning: The `punycode` module is deprecated. Please use a userland alternative instead.
(Use `node --trace-deprecation ...` to show where the warning was created)
40:104: execution error: System Events got an error: Can’t get every application process whose background only = false. Invalid index. (-1719)
(node:42281) [DEP0040] DeprecationWarning: The `punycode` module is deprecated. Please use a userland alternative instead.
(Use `node --trace-deprecation ...` to show where the warning was created)
(node:42494) [DEP0040] DeprecationWarning: The `punycode` module is deprecated. Please use a userland alternative instead.
(Use `node --trace-deprecation ...` to show where the warning was created)
[consolidation] extraction failed: Unterminated string in JSON at position 2921 (line 82 column 14)
40:104: execution error: System Events got an error: Can’t get every application process whose background only = false. Invalid index. (-1719)
[consolidation] extraction failed: Expected double-quoted property name in JSON at position 2706 (line 47 column 48)
[simulation] forward sim failed: Unterminated string in JSON at position 2007 (line 20 column 355)
[consolidation] extraction failed: Unterminated string in JSON at position 3286 (line 57 column 74)
[simulation] forward sim failed: Unterminated string in JSON at position 2068 (line 20 column 460)
40:104: execution error: System Events got an error: Can’t get every application process whose background only = false. Invalid index. (-1719)
[oca] hypothesis generation error: Unterminated string in JSON at position 1528 (line 19 column 225)
[consolidation] extraction failed: Unterminated string in JSON at position 2872 (line 59 column 61)
[consolidation] extraction failed: Unterminated string in JSON at position 3458 (line 95 column 22)
[consolidation] extraction failed: Expected ',' or ']' after array element in JSON at position 2670 (line 57 column 34)
[consolidation] extraction failed: Unterminated string in JSON at position 3233 (line 82 column 15)
[simulation] forward sim failed: Unterminated string in JSON at position 1941 (line 24 column 94)
[consolidation] extraction failed: Unterminated string in JSON at position 3425 (line 93 column 63)
[consolidation] extraction failed: Unterminated string in JSON at position 3242 (line 74 column 27)
[simulation] forward sim failed: Unterminated string in JSON at position 1806 (line 27 column 191)
[consolidation] extraction failed: Unterminated string in JSON at position 3279 (line 91 column 13)
[consolidation] extraction failed: Unterminated string in JSON at position 3484 (line 87 column 35)
[simulation] forward sim failed: Unterminated string in JSON at position 1879 (line 30 column 10)
[consolidation] extraction failed: Expected double-quoted property name in JSON at position 3522 (line 76 column 9)
[simulation] forward sim failed: Unterminated string in JSON at position 1876 (line 22 column 75)
40:104: execution error: System Events got an error: Can’t get every application process whose background only = false. Invalid index. (-1719)
[consolidation] extraction failed: Unterminated string in JSON at position 3453 (line 90 column 33)
[simulation] forward sim failed: Expected property name or '}' in JSON at position 1910 (line 20 column 6)
[consolidation] extraction failed: Expected double-quoted property name in JSON at position 2971 (line 79 column 9)
40:104: execution error: System Events got an error: Can’t get every application process whose background only = false. Invalid index. (-1719)
[consolidation] extraction failed: Unterminated string in JSON at position 3461 (line 95 column 79)
[simulation] forward sim failed: Unterminated string in JSON at position 1861 (line 19 column 17)
[consolidation] extraction failed: Unterminated string in JSON at position 3621 (line 86 column 49)
[simulation] forward sim failed: Unterminated string in JSON at position 1957 (line 30 column 50)
[consolidation] extraction failed: Unterminated string in JSON at position 2958 (line 55 column 36)
[simulation] forward sim failed: Expected property name or '}' in JSON at position 1917 (line 33 column 6)
[consolidation] extraction failed: Unexpected end of JSON input
[simulation] forward sim failed: Expected property name or '}' in JSON at position 1932 (line 25 column 6)
[consolidation] extraction failed: Unterminated string in JSON at position 3664 (line 82 column 15)
[simulation] forward sim failed: Unterminated string in JSON at position 1870 (line 27 column 26)
[consolidation] extraction failed: Unexpected end of JSON input
[consolidation] extraction failed: Unexpected end of JSON input
